[2026-06-21T21:43:30] Recognized 'khalifa' (confidence=0.96) -> feeding allowed
[2026-06-21T21:43:49] Ignored event: unknown_animal (confidence=0.55)
[2026-06-21T21:43:59] Recognized 'khalifa' (confidence=0.96) -> feeding allowed
[2026-06-21T22:08:21] Recognized 'khalifa' (confidence=0.96) -> feeding allowed
[2026-06-21T22:09:26] Recognized 'Alim' (confidence=0.95) -> feeding allowed
[2026-06-21T22:10:10] Recognized 'Alim' (confidence=0.83) -> feeding allowed
[2026-06-21T22:10:19] Recognized 'Alim' (confidence=0.83) -> feeding allowed
[2026-06-21T22:10:32] Recognized 'Alim' (confidence=0.83) -> feeding allowed
[2026-06-21T22:10:40] Recognized 'Alim' (confidence=0.95) -> feeding allowed
[2026-06-21T22:10:44] Recognized 'khalifa' (confidence=0.96) -> feeding allowed
[2026-06-21T22:14:05] Recognized 'Alim' (confidence=0.81) -> feeding allowed
[2026-06-21T22:14:13] Recognized 'Alim' (confidence=0.81) -> feeding allowed
[2026-06-21T22:14:39] Recognized 'Alim' (confidence=0.81) -> feeding allowed
[2026-06-21T22:14:49] Ignored event: no_animal_detected (confidence=0.00)
[2026-06-22T16:41:23] Recognized 'khalifa' (confidence=0.61) -> feeding allowed
[2026-06-22T16:44:52] Recognized 'khalifa' (confidence=0.61) -> feeding allowed
[2026-06-22T16:44:59] Recognized 'khalifa' (confidence=0.61) -> feeding allowed
[2026-06-22T16:45:02] Recognized 'khalifa' (confidence=0.61) -> feeding allowed
[2026-06-22T16:45:06] Recognized 'khalifa' (confidence=0.61) -> feeding allowed
[2026-06-22T16:45:40] Recognized 'khalifa' (confidence=0.61) -> feeding allowed
[2026-06-22T16:46:09] Ignored event: no_animal_detected (confidence=0.00)
[2026-06-22T16:46:15] Recognized 'Alim' (confidence=0.81) -> feeding allowed
[2026-06-22T16:49:49] Ignored event: unknown_animal (confidence=0.36)
[2026-06-22T16:49:58] Recognized 'khalifa' (confidence=0.95) -> feeding allowed
[2026-06-22T16:50:05] Recognized 'Alim' (confidence=0.90) -> feeding allowed
[2026-06-22T16:50:15] Recognized 'Alim' (confidence=0.75) -> feeding allowed
[2026-06-22T16:50:20] Ignored event: unknown_animal (confidence=0.58)
[2026-06-22T17:22:00] Ignored event: unknown_animal (confidence=0.58)
[2026-06-23T15:27:48] Ignored event: unknown_animal (confidence=0.36)
[2026-06-23T15:27:58] Recognized 'khalifa' (confidence=0.95) -> feeding allowed
[2026-06-23T15:30:55] Recognized 'momo' (confidence=0.96) -> feeding allowed
[2026-06-23T15:31:04] Ignored event: no_animal_detected (confidence=0.00)
[2026-06-23T15:31:19] Recognized 'momo' (confidence=0.96) -> feeding allowed
[2026-06-23T15:32:02] Recognized 'Alim' (confidence=0.90) -> feeding allowed
